C:\Program Files (x86)\Microsoft Visual Studio\2019\Community\MSBuild\Microsoft\VC\v160\Microsoft.CppBuild.targets(513,5): warning MSB8028: The intermediate directory (Debug\) contains files shared from another project (szablon2vs19.vcxproj).  This can lead to incorrect clean and rebuild behavior.
  main.cpp
G:\Studia\foldery_przedmiotowe\Sem_1\PoP\projekt2\template-project-2\template-project-2\main.cpp(258,22): warning C4244: '=': conversion from 'double' to 'int', possible loss of data
G:\Studia\foldery_przedmiotowe\Sem_1\PoP\projekt2\template-project-2\template-project-2\main.cpp(259,19): warning C4244: '=': conversion from 'double' to 'int', possible loss of data
G:\Studia\foldery_przedmiotowe\Sem_1\PoP\projekt2\template-project-2\template-project-2\main.cpp(473,12): warning C4244: 'argument': conversion from 'time_t' to 'unsigned int', possible loss of data
G:\Studia\foldery_przedmiotowe\Sem_1\PoP\projekt2\template-project-2\template-project-2\main.cpp(871,75): warning C4244: 'argument': conversion from 'double' to 'int', possible loss of data
G:\Studia\foldery_przedmiotowe\Sem_1\PoP\projekt2\template-project-2\template-project-2\main.cpp(871,62): warning C4244: 'argument': conversion from 'double' to 'int', possible loss of data
G:\Studia\foldery_przedmiotowe\Sem_1\PoP\projekt2\template-project-2\template-project-2\main.cpp(871,140): warning C4244: 'argument': conversion from 'double' to 'int', possible loss of data
G:\Studia\foldery_przedmiotowe\Sem_1\PoP\projekt2\template-project-2\template-project-2\main.cpp(871,122): warning C4244: 'argument': conversion from 'double' to 'int', possible loss of data
G:\Studia\foldery_przedmiotowe\Sem_1\PoP\projekt2\template-project-2\template-project-2\main.cpp(873,83): warning C4244: 'argument': conversion from 'double' to 'int', possible loss of data
G:\Studia\foldery_przedmiotowe\Sem_1\PoP\projekt2\template-project-2\template-project-2\main.cpp(873,65): warning C4244: 'argument': conversion from 'double' to 'int', possible loss of data
G:\Studia\foldery_przedmiotowe\Sem_1\PoP\projekt2\template-project-2\template-project-2\main.cpp(875,97): warning C4244: 'argument': conversion from 'double' to 'int', possible loss of data
G:\Studia\foldery_przedmiotowe\Sem_1\PoP\projekt2\template-project-2\template-project-2\main.cpp(875,79): warning C4244: 'argument': conversion from 'double' to 'int', possible loss of data
G:\Studia\foldery_przedmiotowe\Sem_1\PoP\projekt2\template-project-2\template-project-2\main.cpp(876,102): warning C4244: 'argument': conversion from 'double' to 'int', possible loss of data
G:\Studia\foldery_przedmiotowe\Sem_1\PoP\projekt2\template-project-2\template-project-2\main.cpp(876,84): warning C4244: 'argument': conversion from 'double' to 'int', possible loss of data
G:\Studia\foldery_przedmiotowe\Sem_1\PoP\projekt2\template-project-2\template-project-2\main.cpp(877,102): warning C4244: 'argument': conversion from 'double' to 'int', possible loss of data
G:\Studia\foldery_przedmiotowe\Sem_1\PoP\projekt2\template-project-2\template-project-2\main.cpp(877,84): warning C4244: 'argument': conversion from 'double' to 'int', possible loss of data
G:\Studia\foldery_przedmiotowe\Sem_1\PoP\projekt2\template-project-2\template-project-2\main.cpp(879,84): warning C4244: 'argument': conversion from 'double' to 'int', possible loss of data
G:\Studia\foldery_przedmiotowe\Sem_1\PoP\projekt2\template-project-2\template-project-2\main.cpp(879,66): warning C4244: 'argument': conversion from 'double' to 'int', possible loss of data
G:\Studia\foldery_przedmiotowe\Sem_1\PoP\projekt2\template-project-2\template-project-2\main.cpp(882,45): warning C4244: 'argument': conversion from 'double' to 'int', possible loss of data
G:\Studia\foldery_przedmiotowe\Sem_1\PoP\projekt2\template-project-2\template-project-2\main.cpp(896,61): warning C4244: 'argument': conversion from 'double' to 'int', possible loss of data
G:\Studia\foldery_przedmiotowe\Sem_1\PoP\projekt2\template-project-2\template-project-2\main.cpp(896,43): warning C4244: 'argument': conversion from 'double' to 'int', possible loss of data
G:\Studia\foldery_przedmiotowe\Sem_1\PoP\projekt2\template-project-2\template-project-2\main.cpp(899,52): warning C4244: 'argument': conversion from 'double' to 'int', possible loss of data
G:\Studia\foldery_przedmiotowe\Sem_1\PoP\projekt2\template-project-2\template-project-2\main.cpp(982,33): warning C4244: 'argument': conversion from 'double' to 'int', possible loss of data
G:\Studia\foldery_przedmiotowe\Sem_1\PoP\projekt2\template-project-2\template-project-2\main.cpp(984,30): warning C4244: 'argument': conversion from 'double' to 'int', possible loss of data
G:\Studia\foldery_przedmiotowe\Sem_1\PoP\projekt2\template-project-2\template-project-2\main.cpp(985,21): warning C4244: 'argument': conversion from 'double' to 'int', possible loss of data
G:\Studia\foldery_przedmiotowe\Sem_1\PoP\projekt2\template-project-2\template-project-2\main.cpp(481,15): warning C4996: 'fopen': This function or variable may be unsafe. Consider using fopen_s instead. To disable deprecation, use _CRT_SECURE_NO_WARNINGS. See online help for details.
G:\Studia\foldery_przedmiotowe\Sem_1\PoP\projekt2\template-project-2\template-project-2\main.cpp(482,16): warning C4996: 'fopen': This function or variable may be unsafe. Consider using fopen_s instead. To disable deprecation, use _CRT_SECURE_NO_WARNINGS. See online help for details.
G:\Studia\foldery_przedmiotowe\Sem_1\PoP\projekt2\template-project-2\template-project-2\main.cpp(483,17): warning C4996: 'fopen': This function or variable may be unsafe. Consider using fopen_s instead. To disable deprecation, use _CRT_SECURE_NO_WARNINGS. See online help for details.
G:\Studia\foldery_przedmiotowe\Sem_1\PoP\projekt2\template-project-2\template-project-2\main.cpp(845,4): warning C4996: 'sprintf': This function or variable may be unsafe. Consider using sprintf_s instead. To disable deprecation, use _CRT_SECURE_NO_WARNINGS. See online help for details.
G:\Studia\foldery_przedmiotowe\Sem_1\PoP\projekt2\template-project-2\template-project-2\main.cpp(889,5): warning C4996: 'sprintf': This function or variable may be unsafe. Consider using sprintf_s instead. To disable deprecation, use _CRT_SECURE_NO_WARNINGS. See online help for details.
G:\Studia\foldery_przedmiotowe\Sem_1\PoP\projekt2\template-project-2\template-project-2\main.cpp(912,4): warning C4996: 'sprintf': This function or variable may be unsafe. Consider using sprintf_s instead. To disable deprecation, use _CRT_SECURE_NO_WARNINGS. See online help for details.
G:\Studia\foldery_przedmiotowe\Sem_1\PoP\projekt2\template-project-2\template-project-2\main.cpp(914,4): warning C4996: 'sprintf': This function or variable may be unsafe. Consider using sprintf_s instead. To disable deprecation, use _CRT_SECURE_NO_WARNINGS. See online help for details.
G:\Studia\foldery_przedmiotowe\Sem_1\PoP\projekt2\template-project-2\template-project-2\main.cpp(990,4): warning C4996: 'sprintf': This function or variable may be unsafe. Consider using sprintf_s instead. To disable deprecation, use _CRT_SECURE_NO_WARNINGS. See online help for details.
G:\Studia\foldery_przedmiotowe\Sem_1\PoP\projekt2\template-project-2\template-project-2\main.cpp(992,4): warning C4996: 'sprintf': This function or variable may be unsafe. Consider using sprintf_s instead. To disable deprecation, use _CRT_SECURE_NO_WARNINGS. See online help for details.
G:\Studia\foldery_przedmiotowe\Sem_1\PoP\projekt2\template-project-2\template-project-2\main.cpp(478,8): warning C4101: 'leaderboard': unreferenced local variable
G:\Studia\foldery_przedmiotowe\Sem_1\PoP\projekt2\template-project-2\template-project-2\main.cpp(479,8): warning C4101: 'leaderboard_save': unreferenced local variable
G:\Studia\foldery_przedmiotowe\Sem_1\PoP\projekt2\template-project-2\template-project-2\main.cpp(814,6): warning C4101: 'points_int': unreferenced local variable
G:\Studia\foldery_przedmiotowe\Sem_1\PoP\projekt2\template-project-2\template-project-2\main.cpp(813,7): warning C4101: 'c': unreferenced local variable
  szablon2vs17.vcxproj -> G:\Studia\foldery_przedmiotowe\Sem_1\PoP\projekt2\template-project-2\template-project-2\Debug\szablon2vs17.exe
